Build started 2015/3/28 16:21:22.
     1>Project "C:\Users\CGGI_07\Desktop\LXD\project\tooltaper\tooltaper\tooltaper.vcxproj" on node 2 (build target(s)).
     1>InitializeBuildStatus:
         Creating "Debug\tooltaper.unsuccessfulbuild" because "AlwaysCreate" was specified.
       ClCompile:
         C:\Program Files (x86)\Microsoft Visual Studio 10.0\VC\bin\CL.exe /c /ZI /nologo /W3 /WX- /Od /Oy- /D WIN32 /D _DEBUG /D _CONSOLE /D _UNICODE /D UNICODE /Gm /EHsc /RTC1 /MDd /GS /fp:precise /Zc:wchar_t /Zc:forScope /Fo"Debug\\" /Fd"Debug\vc100.pdb" /Gd /TP /analyze- /errorReport:prompt tooltaper.cpp
         tooltaper.cpp
     1>c:\users\cggi_07\desktop\lxd\project\tooltaper\tooltaper\tooltaper.cpp(29): warning C4244: '=' : conversion from 'double' to 'int', possible loss of data
     1>c:\users\cggi_07\desktop\lxd\project\tooltaper\tooltaper\tooltaper.cpp(31): warning C4244: '=' : conversion from 'double' to 'int', possible loss of data
     1>c:\users\cggi_07\desktop\lxd\project\tooltaper\tooltaper\tooltaper.cpp(95): warning C4554: '|' : check operator precedence for possible error; use parentheses to clarify precedence
     1>c:\users\cggi_07\desktop\lxd\project\tooltaper\tooltaper\tooltaper.cpp(95): warning C4554: '|' : check operator precedence for possible error; use parentheses to clarify precedence
     1>c:\users\cggi_07\desktop\lxd\project\tooltaper\tooltaper\tooltaper.cpp(95): warning C4554: '|' : check operator precedence for possible error; use parentheses to clarify precedence
     1>c:\users\cggi_07\desktop\lxd\project\tooltaper\tooltaper\tooltaper.cpp(19): warning C4101: 'j' : unreferenced local variable
       Link:
         C:\Program Files (x86)\Microsoft Visual Studio 10.0\VC\bin\link.exe /ERRORREPORT:PROMPT /OUT:"C:\Users\CGGI_07\Desktop\LXD\project\tooltaper\Debug\tooltaper.exe" /INCREMENTAL:NO opencv_calib3d231.lib opencv_contrib231.lib opencv_core231.lib opencv_features2d231.lib opencv_flann231.lib opencv_gpu231.lib opencv_highgui231.lib opencv_imgproc231.lib opencv_legacy231.lib opencv_ml231.lib opencv_objdetect231.lib opencv_ts231.lib opencv_video231.lib kernel32.lib user32.lib gdi32.lib winspool.lib comdlg32.lib advapi32.lib shell32.lib ole32.lib oleaut32.lib uuid.lib odbc32.lib odbccp32.lib /MANIFEST /ManifestFile:"Debug\tooltaper.exe.intermediate.manifest" /MANIFESTUAC:"level='asInvoker' uiAccess='false'" /DEBUG /PDB:"C:\Users\CGGI_07\Desktop\LXD\project\tooltaper\Debug\tooltaper.pdb" /SUBSYSTEM:CONSOLE /TLBID:1 /DYNAMICBASE /NXCOMPAT /IMPLIB:"C:\Users\CGGI_07\Desktop\LXD\project\tooltaper\Debug\tooltaper.lib" /MACHINE:X86 Debug\main.obj
         Debug\tooltaper.obj
         Microsoft (R) Incremental Linker Version 10.00.30319.01
         Copyright (C) Microsoft Corporation.  All rights reserved.
         
         "/OUT:C:\Users\CGGI_07\Desktop\LXD\project\tooltaper\Debug\tooltaper.exe" /INCREMENTAL:NO opencv_calib3d231.lib opencv_contrib231.lib opencv_core231.lib opencv_features2d231.lib opencv_flann231.lib opencv_gpu231.lib opencv_highgui231.lib opencv_imgproc231.lib opencv_legacy231.lib opencv_ml231.lib opencv_objdetect231.lib opencv_ts231.lib opencv_video231.lib kernel32.lib user32.lib gdi32.lib winspool.lib comdlg32.lib advapi32.lib shell32.lib ole32.lib oleaut32.lib uuid.lib odbc32.lib odbccp32.lib /MANIFEST "/ManifestFile:Debug\tooltaper.exe.intermediate.manifest" "/MANIFESTUAC:level='asInvoker' uiAccess='false'" /DEBUG "/PDB:C:\Users\CGGI_07\Desktop\LXD\project\tooltaper\Debug\tooltaper.pdb" /SUBSYSTEM:CONSOLE /TLBID:1 /DYNAMICBASE /NXCOMPAT "/IMPLIB:C:\Users\CGGI_07\Desktop\LXD\project\tooltaper\Debug\tooltaper.lib" /MACHINE:X86 Debug\main.obj 
         Debug\tooltaper.obj 
     1>main.obj : warning LNK4075: ignoring '/EDITANDCONTINUE' due to '/INCREMENTAL:NO' specification
         tooltaper.vcxproj -> C:\Users\CGGI_07\Desktop\LXD\project\tooltaper\Debug\tooltaper.exe
       Manifest:
         C:\Program Files (x86)\Microsoft SDKs\Windows\v7.0A\bin\mt.exe /nologo /verbose /outputresource:"C:\Users\CGGI_07\Desktop\LXD\project\tooltaper\Debug\tooltaper.exe;#1" /manifest Debug\tooltaper.exe.intermediate.manifest
       FinalizeBuildStatus:
         Deleting file "Debug\tooltaper.unsuccessfulbuild".
         Touching "Debug\tooltaper.lastbuildstate".
     1>Done Building Project "C:\Users\CGGI_07\Desktop\LXD\project\tooltaper\tooltaper\tooltaper.vcxproj" (build target(s)).

Build succeeded.

Time Elapsed 00:00:01.73
